company_id,year,net_profit_margin_pct,operating_profit_margin_pct,return_on_equity_pct,debt_to_equity,interest_coverage,asset_turnover,free_cash_flow_cr,capex_cr,earnings_per_share,book_value_per_share,dividend_payout_ratio_pct,total_debt_cr,cash_from_operations_cr
ADANIPOWER,2017,-27.3,26.44,-205.8,17.49,0.39,0.32,3513.0,1212.0,-16.0,7.78,0.0,52484.0,4725.0
ADANIPOWER,2018,-10.36,26.77,-236.56,59.43,1.11,0.29,4581.0,520.0,-5.0,2.3,0.0,52835.0,5101.0
BAJAJHLDNG,2013,550.74,95.55,17.94,0.0,,0.03,104.0,369.0,167.0,931.98,15.0,0.0,473.0
BAJAJHLDNG,2014,469.98,94.56,16.57,0.0,,0.03,353.0,519.0,179.0,1080.99,17.0,0.0,872.0
BAJAJHLDNG,2015,387.21,92.37,15.15,0.0,,0.04,332.0,464.0,182.0,1206.58,19.0,0.0,796.0
BAJAJHLDNG,2016,481.91,91.28,14.81,0.0,,0.03,2166.0,1019.0,204.0,1377.75,16.0,0.0,1147.0
BAJAJHLDNG,2017,293.71,74.58,13.88,0.0,,0.05,-1295.0,372.0,222.0,1605.23,15.0,0.0,-923.0
BAJAJHLDNG,2018,632.14,84.52,10.54,0.0,,0.02,508.0,1123.0,239.0,2270.36,17.0,0.0,1631.0
BAJAJHLDNG,2019,707.19,80.51,11.31,0.0,,0.02,465.0,163.0,274.0,2428.11,12.0,0.0,628.0
BAJAJHLDNG,2020,708.05,69.2,11.09,0.01,258.38,0.01,1120.0,800.0,269.0,2501.17,15.0,168.0,1920.0
BAJAJHLDNG,2021,799.56,77.02,9.83,0.0,950.75,0.01,-36.0,308.0,328.0,3348.38,12.0,136.0,272.0
BAJAJHLDNG,2022,852.48,75.83,9.63,0.0,1421.0,0.01,1459.0,151.0,364.0,3859.64,32.0,114.0,1610.0
BAJAJHLDNG,2023,947.51,72.8,11.19,0.0,721.86,0.01,1591.0,137.0,436.0,3980.36,28.0,93.0,1728.0
BAJAJHLDNG,2024,432.73,91.77,13.58,0.0,3764.5,0.03,1469.0,472.0,653.0,4887.12,20.0,63.0,1941.0
BEL,2013,14.52,10.66,15183.33,4.0,184.43,139.4,214.0,1753.0,1.0,30.0,20.0,24.0,-1539.0
BEL,2014,14.61,14.19,13600.0,3.0,194.71,141.7,190.0,759.0,1.0,35.0,20.0,21.0,-569.0
BEL,2015,16.88,16.62,17100.0,3.71,240.86,144.76,595.0,839.0,2.0,35.0,20.0,26.0,1434.0
BEL,2016,18.18,18.94,11141.67,2.08,196.6,141.42,790.0,1470.0,2.0,13.33,31.0,25.0,2260.0
BEL,2017,17.59,20.7,10153.33,1.93,122.89,112.42,3054.0,3115.0,2.0,16.67,33.0,29.0,-61.0
BEL,2018,13.76,19.6,4616.13,1.55,372.5,85.96,-693.0,6.0,2.0,31.0,34.0,48.0,-687.0
BEL,2019,15.51,23.91,3851.02,0.96,186.38,96.54,618.0,896.0,3.0,44.55,44.0,47.0,1514.0
BEL,2020,14.07,21.28,3318.18,0.8,357.25,106.3,1921.0,649.0,3.0,50.0,37.0,44.0,2570.0
BEL,2021,14.88,22.78,3559.32,0.83,333.9,92.82,2498.0,2595.0,3.0,53.64,46.0,49.0,5093.0
BEL,2022,15.62,21.76,3478.26,0.84,397.33,94.28,-665.0,4872.0,3.0,62.73,46.0,58.0,4207.0
BEL,2023,16.84,23.06,3981.33,0.52,230.05,123.15,3907.0,2708.0,4.0,68.18,44.0,39.0,1199.0
BEL,2024,19.66,24.92,4744.05,0.51,476.75,125.89,-1265.0,5924.0,5.0,76.36,40.0,43.0,4659.0
HAL,2016,11.92,14.79,1665.0,0.15,679.33,95.22,,,28.0,240.0,31.0,18.0,
HAL,2017,14.57,18.03,1966.92,0.02,267.5,105.59,2598.0,3021.0,36.0,266.0,31.0,2.0,-423.0
HAL,2018,10.73,18.68,1528.46,0.02,120.6,111.56,-140.0,594.0,30.0,260.0,54.0,3.0,-734.0
HAL,2019,11.73,22.84,1763.91,0.06,27.94,114.33,-2402.0,5292.0,35.0,266.0,28.0,8.0,-7694.0
HAL,2020,13.25,22.76,2059.42,0.01,14.75,123.96,203.0,1334.0,42.0,276.0,39.0,2.0,1537.0
HAL,2021,14.16,23.34,2249.31,0.04,21.35,123.02,13934.0,1190.0,48.0,288.0,31.0,6.0,15124.0
HAL,2022,20.66,22.01,3324.18,0.08,98.55,121.88,-2609.0,12789.0,76.0,306.0,26.0,12.0,10180.0
HAL,2023,21.58,24.77,3283.05,0.27,130.33,99.37,3102.0,5734.0,87.0,354.0,32.0,47.0,8836.0
HAL,2024,25.0,32.09,3816.58,0.62,270.88,67.51,1814.0,6412.0,114.0,398.0,31.0,123.0,8226.0
HINDUNILVR,2013,14.22,84.37,134.0,0.01,20.3,2.23,3668.0,63.0,18.0,132.64,104.0,25.0,3605.0
HINDUNILVR,2014,13.53,83.72,111.85,0.01,30.92,2.13,3343.0,475.0,18.0,163.75,71.0,46.0,3818.0
HINDUNILVR,2015,13.69,83.07,108.67,0.01,21.31,2.22,3430.0,138.0,20.0,186.44,74.0,43.0,3292.0
INDIGO,2013,8.55,90.71,17886.36,2.5,28.23,353.96,-149.0,1890.0,25647.0,110.0,70.0,11.0,1741.0
INDIGO,2014,4.26,96.11,10772.73,3.18,27.34,317.63,-1319.0,2914.0,15454.0,110.0,80.0,14.0,1595.0
INDIGO,2015,9.36,86.33,4939.39,0.15,30.47,228.28,1444.0,940.0,42481.0,660.0,83.0,4.0,2384.0
INDIGO,2016,12.3,80.4,1534.78,0.06,25.23,82.35,1779.0,1337.0,55.0,3235.0,27.0,8.0,3116.0
INDIGO,2017,8.93,88.06,1692.86,0.53,20.75,75.53,749.0,3033.0,46.0,33.79,74.0,52.0,3782.0
INDIGO,2018,9.74,86.84,2242.0,0.54,21.12,82.51,-249.0,4152.0,58.0,34.48,10.0,54.0,3903.0
INDIGO,2019,0.55,100.53,120.93,0.68,21.62,76.4,634.0,2526.0,4.0,44.48,123.0,88.0,3160.0
INDIGO,2020,-0.69,88.62,-138.55,0.42,20.7,84.73,2370.0,4573.0,-6.0,61.72,0.0,75.0,6943.0
INDIGO,2021,-42.15,99.98,-1094.15,0.02,14.13,18.05,1608.0,3228.0,-151.0,117.5,0.0,9.0,-1620.0
INDIGO,2024,11.85,76.3,892.57,0.02,22.61,56.39,9424.0,11759.0,212.0,190.62,0.0,17.0,21183.0
LICI,2019,0.46,1.04,324.32,332.59,,0.17,22910.0,9636.0,,81.0,2.0,269401.0,13274.0
LICI,2020,0.43,-1.11,270.46,252.91,,0.18,13952.0,40415.0,,100.2,2.0,253414.0,54367.0
LT,2013,7.11,15.31,395.15,0.17,3.0,31.97,-11277.0,6922.0,38.0,836.88,22.0,234.0,-4355.0
LT,2014,5.74,16.56,303.42,0.07,2.37,31.9,-12653.0,5510.0,35.0,1006.25,27.0,110.0,-7143.0
LT,2015,5.4,17.06,245.11,0.11,2.35,30.87,-6143.0,4778.0,34.0,1266.25,32.0,218.0,-1365.0
LT,2016,4.54,15.31,216.09,0.03,2.42,32.24,-7867.0,4627.0,31.0,1250.0,40.0,55.0,-3240.0
LT,2017,5.93,15.2,206.3,0.0,2.65,24.75,-3141.0,9796.0,43.0,1849.41,22.0,0.0,6655.0
LT,2018,6.69,16.8,207.36,0.0,2.8,22.43,-6117.0,3914.0,53.0,2270.59,30.0,0.0,-10031.0
LT,2019,7.56,16.91,208.81,0.0,2.74,20.29,-15779.0,11023.0,63.0,2878.24,28.0,0.0,-4756.0
LT,2020,7.49,16.88,201.59,0.17,2.5,16.5,-1714.0,8408.0,68.0,3178.82,26.0,912.0,6694.0
LT,2021,9.5,17.25,176.9,0.11,2.69,12.7,17324.0,5750.0,82.0,4057.78,44.0,798.0,23074.0
NAUKRI,2021,125.71,6.56,26.28,0.01,150.73,0.18,-1767.0,2043.0,110.0,418.29,7.0,65.0,276.0
NAUKRI,2022,810.7,28.07,74.71,0.0,1296.0,0.08,-470.0,1177.0,991.0,1336.59,1.0,64.0,707.0
NESTLEIND,2019,15.91,23.66,102.61,0.1,24.6,1.72,2378.0,83.0,20.0,199.79,168.0,189.0,2295.0
NESTLEIND,2020,15.6,23.99,103.12,0.07,20.41,1.69,2133.0,321.0,22.0,210.31,93.0,147.0,2454.0
NESTLEIND,2021,14.37,24.16,108.84,0.14,17.08,1.79,316.0,1920.0,22.0,202.71,91.0,266.0,2236.0
NESTLEIND,2023,15.68,23.38,121.96,0.11,38.55,2.13,2465.0,927.0,31.0,256.15,56.0,271.0,3392.0
NESTLEIND,2024,16.12,23.83,117.75,0.1,41.19,2.32,2938.0,1237.0,41.0,347.92,79.0,345.0,4175.0
PNB,2013,11.66,,812.3,10.83,,5.63,-1292.0,600.0,28.0,123.6,19.0,6695.0,-692.0
PNB,2014,8.17,,393.36,10.82,,3.9,16604.0,302.0,20.0,141.52,10.0,10108.0,16906.0
PNB,2015,7.24,,223.24,10.44,,2.56,3942.0,872.0,18.0,151.83,18.0,16481.0,4814.0
PNB,2016,-6.91,,-163.56,12.12,,1.71,12815.0,1352.0,-19.0,168.98,-2.0,26014.0,14167.0
PNB,2018,-24.86,,-184.37,8.19,,0.77,-1350.0,392.0,-44.0,393.35,0.0,53777.0,-1742.0
PNB,2019,-18.31,,-128.45,9.66,,0.62,-34161.0,629.0,-21.0,445.21,0.0,71859.0,-33532.0
