id,company_id,year_raw,operating_activity,investing_activity,financing_activity,net_cash_flow,year
62,ABB,Mar 2014,155.0,-144.0,-42.0,-31.0,Mar 2014
73,ABB,Mar 2014,0.0,0.0,0.0,0.0,Mar 2014
63,ABB,Mar 2015,215.0,-187.0,-58.0,-30.0,Mar 2015
74,ABB,Mar 2015,-35.0,-1864.0,1902.0,3.0,Mar 2015
64,ABB,Mar 2016,249.0,-77.0,-80.0,91.0,Mar 2016
75,ABB,Mar 2016,1544.0,-816.0,-722.0,6.0,Mar 2016
65,ABB,Mar 2017,307.0,-155.0,-90.0,62.0,Mar 2017
76,ABB,Mar 2017,2189.0,-1730.0,-455.0,4.0,Mar 2017
66,ABB,Mar 2018,153.0,-215.0,-102.0,-165.0,Mar 2018
77,ABB,Mar 2018,2198.0,-3192.0,1589.0,596.0,Mar 2018
67,ABB,Mar 2019,499.0,-257.0,-143.0,99.0,Mar 2019
78,ABB,Mar 2019,2591.0,-3050.0,38.0,-421.0,Mar 2019
68,ABB,Mar 2020,626.0,-401.0,-217.0,8.0,Mar 2020
79,ABB,Mar 2020,5437.0,-5643.0,1250.0,1045.0,Mar 2020
69,ABB,Mar 2021,727.0,-72.0,-582.0,73.0,Mar 2021
80,ABB,Mar 2021,3784.0,-4009.0,-745.0,-969.0,Mar 2021
70,ABB,Mar 2022,948.0,-396.0,-637.0,-86.0,Mar 2022
81,ABB,Mar 2022,4097.0,-3936.0,-235.0,-75.0,Mar 2022
71,ABB,Mar 2023,893.0,-148.0,-639.0,107.0,Mar 2023
82,ABB,Mar 2023,3777.0,-4699.0,923.0,2.0,Mar 2023
72,ABB,Mar 2024,1213.0,-416.0,-745.0,52.0,Mar 2024
83,ABB,Mar 2024,6038.0,-4943.0,-543.0,551.0,Mar 2024
208,BAJAJ-AUTO,Mar 2013,2218.0,-1394.0,-1445.0,-621.0,Mar 2013
220,BAJAJ-AUTO,Mar 2013,2218.0,-1394.0,-1445.0,-621.0,Mar 2013
209,BAJAJ-AUTO,Mar 2014,3502.0,-2072.0,-1496.0,-66.0,Mar 2014
221,BAJAJ-AUTO,Mar 2014,3502.0,-2072.0,-1496.0,-66.0,Mar 2014
210,BAJAJ-AUTO,Mar 2015,2114.0,-380.0,-1644.0,90.0,Mar 2015
222,BAJAJ-AUTO,Mar 2015,2114.0,-380.0,-1644.0,90.0,Mar 2015
211,BAJAJ-AUTO,Mar 2016,3690.0,-68.0,-3384.0,238.0,Mar 2016
223,BAJAJ-AUTO,Mar 2016,3690.0,-68.0,-3384.0,238.0,Mar 2016
212,BAJAJ-AUTO,Mar 2017,3267.0,-3610.0,-190.0,-532.0,Mar 2017
224,BAJAJ-AUTO,Mar 2017,3267.0,-3610.0,-190.0,-532.0,Mar 2017
213,BAJAJ-AUTO,Mar 2018,4328.0,-1954.0,-1885.0,488.0,Mar 2018
225,BAJAJ-AUTO,Mar 2018,4328.0,-1954.0,-1885.0,488.0,Mar 2018
214,BAJAJ-AUTO,Mar 2019,2487.0,-273.0,-2074.0,140.0,Mar 2019
226,BAJAJ-AUTO,Mar 2019,2487.0,-273.0,-2074.0,140.0,Mar 2019
215,BAJAJ-AUTO,Mar 2020,3850.0,1766.0,-6247.0,-630.0,Mar 2020
227,BAJAJ-AUTO,Mar 2020,3850.0,1766.0,-6247.0,-630.0,Mar 2020
216,BAJAJ-AUTO,Mar 2021,3120.0,-2869.0,-20.0,231.0,Mar 2021
228,BAJAJ-AUTO,Mar 2021,3120.0,-2869.0,-20.0,231.0,Mar 2021
217,BAJAJ-AUTO,Mar 2022,4197.0,276.0,-4056.0,417.0,Mar 2022
229,BAJAJ-AUTO,Mar 2022,4197.0,276.0,-4056.0,417.0,Mar 2022
218,BAJAJ-AUTO,Mar 2023,5277.0,1211.0,-7181.0,-692.0,Mar 2023
230,BAJAJ-AUTO,Mar 2023,5277.0,1211.0,-7181.0,-692.0,Mar 2023
219,BAJAJ-AUTO,Mar 2024,6558.0,-72.0,-6167.0,319.0,Mar 2024
231,BAJAJ-AUTO,Mar 2024,6558.0,-72.0,-6167.0,319.0,Mar 2024
37,TCS,Mar-13,11615.0,-6038.0,-5729.0,-152.0,Mar 2013
1098,TCS,Mar 2013,11615.0,-6038.0,-5729.0,-152.0,Mar 2013
38,TCS,Mar-14,14751.0,-9452.0,-5673.0,-374.0,Mar 2014
1099,TCS,Mar 2014,14751.0,-9452.0,-5673.0,-374.0,Mar 2014
39,TCS,Mar-15,19369.0,-1807.0,-17168.0,394.0,Mar 2015
1100,TCS,Mar 2015,19369.0,-1807.0,-17168.0,394.0,Mar 2015
40,TCS,Mar-16,19109.0,-5010.0,-9666.0,4433.0,Mar 2016
1101,TCS,Mar 2016,19109.0,-5010.0,-9666.0,4433.0,Mar 2016
41,TCS,Mar-17,25223.0,-16895.0,-11026.0,-2698.0,Mar 2017
1102,TCS,Mar 2017,25223.0,-16895.0,-11026.0,-2698.0,Mar 2017
42,TCS,Mar-18,25067.0,3104.0,-26885.0,1286.0,Mar 2018
1103,TCS,Mar 2018,25067.0,3104.0,-26885.0,1286.0,Mar 2018
43,TCS,Mar-19,28593.0,1645.0,-27897.0,2341.0,Mar 2019
1104,TCS,Mar 2019,28593.0,1645.0,-27897.0,2341.0,Mar 2019
44,TCS,Mar-20,32369.0,8968.0,-39915.0,1422.0,Mar 2020
1105,TCS,Mar 2020,32369.0,8968.0,-39915.0,1422.0,Mar 2020
45,TCS,Mar-21,38802.0,-7956.0,-32634.0,-1788.0,Mar 2021
1106,TCS,Mar 2021,38802.0,-7956.0,-32634.0,-1788.0,Mar 2021
46,TCS,Mar-22,39949.0,-738.0,-33581.0,5630.0,Mar 2022
1107,TCS,Mar 2022,39949.0,-738.0,-33581.0,5630.0,Mar 2022
47,TCS,Mar-23,41965.0,548.0,-47878.0,-5365.0,Mar 2023
1108,TCS,Mar 2023,41965.0,548.0,-47878.0,-5365.0,Mar 2023
48,TCS,Mar-24,44338.0,6091.0,-48536.0,1893.0,Mar 2024
1109,TCS,Mar 2024,44338.0,6091.0,-48536.0,1893.0,Mar 2024
